<?xml version="1.0" encoding="UTF-8"?>
<testng-results ignored="0" total="1" passed="1" failed="0" skipped="0">
  <reporter-output>
  </reporter-output>
  <suite started-at="2022-01-15T23:31:22 IST" name="Default suite" finished-at="2022-01-15T23:31:42 IST" duration-ms="20907">
    <groups>
    </groups>
    <test started-at="2022-01-15T23:31:22 IST" name="Default test" finished-at="2022-01-15T23:31:42 IST" duration-ms="20907">
      <class name="kdf.Application">
        <test-method signature="invalidLoginTest()[pri:0, instance:kdf.Application@50b5ac82]" started-at="2022-01-15T23:31:22 IST" name="invalidLoginTest" finished-at="2022-01-15T23:31:42 IST" duration-ms="20866" status="PASS">
          <reporter-output>
          </reporter-output>
        </test-method> <!-- invalidLoginTest -->
      </class> <!-- kdf.Application -->
    </test> <!-- Default test -->
  </suite> <!-- Default suite -->
</testng-results>
